<?xml version="1.0" encoding="UTF-8"?>
<testsuite name="TopMenu Test"
           tests="3"
           failures="0"
           errors="0"
           skipped="0"
           time="4.050">
  <properties />
  
  
            <testcase name="verifyUserShouldNavigateToDesktopsPageSuccessfully" time="1.875" classname="com.tutorialsninja.demo.testsuite.TopMenuTest" />
                <testcase name="verifyUserShouldNavigateToLaptopsAndNotebooksPageSuccessfully" time="0.967" classname="com.tutorialsninja.demo.testsuite.TopMenuTest" />
                <testcase name="verifyUserShouldNavigateToComponentsPageSuccessfully" time="1.208" classname="com.tutorialsninja.demo.testsuite.TopMenuTest" />
      
</testsuite>
